# JRE version: Java(TM) SE Runtime Environment (8.0_25-b17) (build 1.8.0_25-b17)
# Java VM: Java HotSpot(TM) 64-Bit Server VM (25.25-b02 mixed mode linux-amd64 compressed oops)
Heap:
 PSYoungGen      total 263680K, used 78033K [0x00000000eab00000, 0x00000000fe300000, 0x0000000100000000)
  eden space 226304K, 34% used [0x00000000eab00000,0x00000000ef7345b8,0x00000000f8800000)
  from space 37376K, 0% used [0x00000000fb280000,0x00000000fb280000,0x00000000fd700000)
  to   space 43520K, 0% used [0x00000000f8800000,0x00000000f8800000,0x00000000fb280000)
 ParOldGen       total 103424K, used 78092K [0x00000000c0000000, 0x00000000c6500000, 0x00000000eab00000)
  object space 103424K, 75% used [0x00000000c0000000,0x00000000c4c433a0,0x00000000c6500000)
 Metaspace       used 68386K, capacity 71676K, committed 72576K, reserved 1112064K
  class space    used 9202K, capacity 10394K, committed 10880K, reserved 1048576K
GC Heap History (10 events):
Event: 2063.168 GC heap before
{Heap before GC invocations=23 (full 6):
 PSYoungGen      total 239616K, used 17359K [0x00000000eab00000, 0x00000000fb100000, 0x0000000100000000)
  eden space 210944K, 0% used [0x00000000eab00000,0x00000000eab00000,0x00000000f7900000)
  from space 28672K, 60% used [0x00000000f7900000,0x00000000f89f3ff8,0x00000000f9500000)
  to   space 28672K, 0% used [0x00000000f9500000,0x00000000f9500000,0x00000000fb100000)
 ParOldGen       total 103424K, used 77214K [0x00000000c0000000, 0x00000000c6500000, 0x00000000eab00000)
  object space 103424K, 74% used [0x00000000c0000000,0x00000000c4b67b68,0x00000000c6500000)
 Metaspace       used 67450K, capacity 71424K, committed 71552K, reserved 1110016K
  class space    used 9329K, capacity 10801K, committed 10880K, reserved 1048576K
Event: 2063.438 GC heap after
Heap after GC invocations=23 (full 6):
 PSYoungGen      total 239616K, used 0K [0x00000000eab00000, 0x00000000fb100000, 0x0000000100000000)
  eden space 210944K, 0% used [0x00000000eab00000,0x00000000eab00000,0x00000000f7900000)
  from space 28672K, 0% used [0x00000000f7900000,0x00000000f7900000,0x00000000f9500000)
  to   space 28672K, 0% used [0x00000000f9500000,0x00000000f9500000,0x00000000fb100000)
 ParOldGen       total 103424K, used 53123K [0x00000000c0000000, 0x00000000c6500000, 0x00000000eab00000)
  object space 103424K, 51% used [0x00000000c0000000,0x00000000c33e0d50,0x00000000c6500000)
 Metaspace       used 52846K, capacity 54296K, committed 71552K, reserved 1110016K
  class space    used 6950K, capacity 7469K, committed 10880K, reserved 1048576K
}
Event: 2144.301 GC heap before
{Heap before GC invocations=24 (full 6):
 PSYoungGen      total 239616K, used 210944K [0x00000000eab00000, 0x00000000fb100000, 0x0000000100000000)
  eden space 210944K, 100% used [0x00000000eab00000,0x00000000f7900000,0x00000000f7900000)
  from space 28672K, 0% used [0x00000000f7900000,0x00000000f7900000,0x00000000f9500000)
  to   space 28672K, 0% used [0x00000000f9500000,0x00000000f9500000,0x00000000fb100000)
 ParOldGen       total 103424K, used 53123K [0x00000000c0000000, 0x00000000c6500000, 0x00000000eab00000)
  object space 103424K, 51% used [0x00000000c0000000,0x00000000c33e0d50,0x00000000c6500000)
 Metaspace       used 58710K, capacity 61048K, committed 71552K, reserved 1110016K
  class space    used 7816K, capacity 8631K, committed 10880K, reserved 1048576K
Event: 2144.335 GC heap after
Heap after GC invocations=24 (full 6):
 PSYoungGen      total 237568K, used 23401K [0x00000000eab00000, 0x00000000fd180000, 0x0000000100000000)
  eden space 208896K, 0% used [0x00000000eab00000,0x00000000eab00000,0x00000000f7700000)
  from space 28672K, 81% used [0x00000000f9500000,0x00000000fabda410,0x00000000fb100000)
  to   space 30720K, 0% used [0x00000000f7700000,0x00000000f7700000,0x00000000f9500000)
 ParOldGen       total 103424K, used 53131K [0x00000000c0000000, 0x00000000c6500000, 0x00000000eab00000)
  object space 103424K, 51% used [0x00000000c0000000,0x00000000c33e2d50,0x00000000c6500000)
 Metaspace       used 58710K, capacity 61048K, committed 71552K, reserved 1110016K
  class space    used 7816K, capacity 8631K, committed 10880K, reserved 1048576K
}
Event: 2242.806 GC heap before
{Heap before GC invocations=25 (full 6):
 PSYoungGen      total 237568K, used 232297K [0x00000000eab00000, 0x00000000fd180000, 0x0000000100000000)
  eden space 208896K, 100% used [0x00000000eab00000,0x00000000f7700000,0x00000000f7700000)
  from space 28672K, 81% used [0x00000000f9500000,0x00000000fabda410,0x00000000fb100000)
  to   space 30720K, 0% used [0x00000000f7700000,0x00000000f7700000,0x00000000f9500000)
 ParOldGen       total 103424K, used 53131K [0x00000000c0000000, 0x00000000c6500000, 0x00000000eab00000)
  object space 103424K, 51% used [0x00000000c0000000,0x00000000c33e2d50,0x00000000c6500000)
 Metaspace       used 64407K, capacity 67441K, committed 71552K, reserved 1110016K
  class space    used 8607K, capacity 9716K, committed 10880K, reserved 1048576K
Event: 2242.874 GC heap after
Heap after GC invocations=25 (full 6):
 PSYoungGen      total 239616K, used 30703K [0x00000000eab00000, 0x00000000fd700000, 0x0000000100000000)
  eden space 208896K, 0% used [0x00000000eab00000,0x00000000eab00000,0x00000000f7700000)
  from space 30720K, 99% used [0x00000000f7700000,0x00000000f94fbe38,0x00000000f9500000)
  to   space 37376K, 0% used [0x00000000fb280000,0x00000000fb280000,0x00000000fd700000)
 ParOldGen       total 103424K, used 59656K [0x00000000c0000000, 0x00000000c6500000, 0x00000000eab00000)
  object space 103424K, 57% used [0x00000000c0000000,0x00000000c3a42218,0x00000000c6500000)
 Metaspace       used 64407K, capacity 67441K, committed 71552K, reserved 1110016K
  class space    used 8607K, capacity 9716K, committed 10880K, reserved 1048576K
}
Event: 2244.623 GC heap before
{Heap before GC invocations=26 (full 6):
 PSYoungGen      total 239616K, used 136558K [0x00000000eab00000, 0x00000000fd700000, 0x0000000100000000)
  eden space 208896K, 50% used [0x00000000eab00000,0x00000000f125fb40,0x00000000f7700000)
  from space 30720K, 99% used [0x00000000f7700000,0x00000000f94fbe38,0x00000000f9500000)
  to   space 37376K, 0% used [0x00000000fb280000,0x00000000fb280000,0x00000000fd700000)
 ParOldGen       total 103424K, used 59656K [0x00000000c0000000, 0x00000000c6500000, 0x00000000eab00000)
  object space 103424K, 57% used [0x00000000c0000000,0x00000000c3a42218,0x00000000c6500000)
 Metaspace       used 67438K, capacity 70644K, committed 71808K, reserved 1110016K
  class space    used 9105K, capacity 10252K, committed 10880K, reserved 1048576K
Event: 2244.670 GC heap after
Heap after GC invocations=26 (full 6):
 PSYoungGen      total 263680K, used 37356K [0x00000000eab00000, 0x00000000fe300000, 0x0000000100000000)
  eden space 226304K, 0% used [0x00000000eab00000,0x00000000eab00000,0x00000000f8800000)
  from space 37376K, 99% used [0x00000000fb280000,0x00000000fd6fb228,0x00000000fd700000)
  to   space 43520K, 0% used [0x00000000f8800000,0x00000000f8800000,0x00000000fb280000)
 ParOldGen       total 103424K, used 61671K [0x00000000c0000000, 0x00000000c6500000, 0x00000000eab00000)
  object space 103424K, 59% used [0x00000000c0000000,0x00000000c3c39c38,0x00000000c6500000)
 Metaspace       used 67438K, capacity 70644K, committed 71808K, reserved 1110016K
  class space    used 9105K, capacity 10252K, committed 10880K, reserved 1048576K
}
Event: 2244.671 GC heap before
{Heap before GC invocations=27 (full 7):
 PSYoungGen      total 263680K, used 37356K [0x00000000eab00000, 0x00000000fe300000, 0x0000000100000000)
  eden space 226304K, 0% used [0x00000000eab00000,0x00000000eab00000,0x00000000f8800000)
  from space 37376K, 99% used [0x00000000fb280000,0x00000000fd6fb228,0x00000000fd700000)
  to   space 43520K, 0% used [0x00000000f8800000,0x00000000f8800000,0x00000000fb280000)
 ParOldGen       total 103424K, used 61671K [0x00000000c0000000, 0x00000000c6500000, 0x00000000eab00000)
  object space 103424K, 59% used [0x00000000c0000000,0x00000000c3c39c38,0x00000000c6500000)
 Metaspace       used 67438K, capacity 70644K, committed 71808K, reserved 1110016K
  class space    used 9105K, capacity 10252K, committed 10880K, reserved 1048576K
Event: 2245.185 GC heap after
Heap after GC invocations=27 (full 7):
 PSYoungGen      total 263680K, used 0K [0x00000000eab00000, 0x00000000fe300000, 0x0000000100000000)
  eden space 226304K, 0% used [0x00000000eab00000,0x00000000eab00000,0x00000000f8800000)
  from space 37376K, 0% used [0x00000000fb280000,0x00000000fb280000,0x00000000fd700000)
  to   space 43520K, 0% used [0x00000000f8800000,0x00000000f8800000,0x00000000fb280000)
 ParOldGen       total 103424K, used 78092K [0x00000000c0000000, 0x00000000c6500000, 0x00000000eab00000)
  object space 103424K, 75% used [0x00000000c0000000,0x00000000c4c433a0,0x00000000c6500000)
 Metaspace       used 67268K, capacity 70074K, committed 71808K, reserved 1110016K
  class space    used 9068K, capacity 10082K, committed 10880K, reserved 1048576K
}

